#! /usr/local/bin/vvp
:ivl_version "13.0 (devel)" "(s20221226-112-ga4aade5d1)";
:ivl_delay_selection "TYPICAL";
:vpi_time_precision + 0;
:vpi_module "/usr/local/lib/ivl/system.vpi";
:vpi_module "/usr/local/lib/ivl/vhdl_sys.vpi";
:vpi_module "/usr/local/lib/ivl/vhdl_textio.vpi";
:vpi_module "/usr/local/lib/ivl/v2005_math.vpi";
:vpi_module "/usr/local/lib/ivl/va_math.vpi";
S_0x557bc171de10 .scope module, "my_first_verilog_code" "my_first_verilog_code" 2 1;
 .timescale 0 0;
    .port_info 0 /INPUT 1 "a";
    .port_info 1 /INPUT 1 "b";
    .port_info 2 /OUTPUT 1 "y";
o0x7fa35097c018 .functor BUFZ 1, C4<z>; HiZ drive
o0x7fa35097c048 .functor BUFZ 1, C4<z>; HiZ drive
L_0x557bc1763460 .functor AND 1, o0x7fa35097c018, o0x7fa35097c048, C4<1>, C4<1>;
v0x557bc171f2f0_0 .net "a", 0 0, o0x7fa35097c018;  0 drivers
v0x557bc1763280_0 .net "b", 0 0, o0x7fa35097c048;  0 drivers
v0x557bc1763340_0 .net "y", 0 0, L_0x557bc1763460;  1 drivers
# The file index is used to find the file name in the following table.
:file_names 3;
    "N/A";
    "<interactive>";
    "and.v";
