#! /usr/local/bin/vvp
:ivl_version "13.0 (devel)" "(s20221226-112-ga4aade5d1)";
:ivl_delay_selection "TYPICAL";
:vpi_time_precision + 0;
:vpi_module "/usr/local/lib/ivl/system.vpi";
:vpi_module "/usr/local/lib/ivl/vhdl_sys.vpi";
:vpi_module "/usr/local/lib/ivl/vhdl_textio.vpi";
:vpi_module "/usr/local/lib/ivl/v2005_math.vpi";
:vpi_module "/usr/local/lib/ivl/va_math.vpi";
S_0x55dd20a1ab60 .scope module, "gates_tb" "gates_tb" 2 2;
 .timescale 0 0;
v0x55dd20a32b50_0 .var "a", 0 0;
v0x55dd20a32c10_0 .var "b", 0 0;
v0x55dd20a32cb0_0 .net "x", 0 0, L_0x55dd20a32f40;  1 drivers
v0x55dd20a32d80_0 .net "y", 0 0, L_0x55dd20a330a0;  1 drivers
v0x55dd20a32e50_0 .net "z", 0 0, L_0x55dd20a33160;  1 drivers
S_0x55dd20a1acf0 .scope begin, "$ivl_for_loop0" "$ivl_for_loop0" 2 22, 2 22 0, S_0x55dd20a1ab60;
 .timescale 0 0;
v0x55dd20a32340_0 .var/i "i", 31 0;
S_0x55dd209e1d80 .scope begin, "$ivl_for_loop1" "$ivl_for_loop1" 2 23, 2 23 0, S_0x55dd20a1acf0;
 .timescale 0 0;
v0x55dd20a1aed0_0 .var/i "j", 31 0;
S_0x55dd20a32440 .scope module, "dut" "gates" 2 12, 3 1 0, S_0x55dd20a1ab60;
 .timescale 0 0;
    .port_info 0 /INPUT 1 "a";
    .port_info 1 /INPUT 1 "b";
    .port_info 2 /OUTPUT 1 "x";
    .port_info 3 /OUTPUT 1 "y";
    .port_info 4 /OUTPUT 1 "z";
L_0x55dd20a32f40 .functor AND 1, v0x55dd20a32b50_0, v0x55dd20a32c10_0, C4<1>, C4<1>;
L_0x55dd20a330a0 .functor XOR 1, v0x55dd20a32b50_0, v0x55dd20a32c10_0, C4<0>, C4<0>;
L_0x55dd20a33160 .functor OR 1, v0x55dd20a32b50_0, v0x55dd20a32c10_0, C4<0>, C4<0>;
v0x55dd20a326c0_0 .net "a", 0 0, v0x55dd20a32b50_0;  1 drivers
v0x55dd20a32780_0 .net "b", 0 0, v0x55dd20a32c10_0;  1 drivers
v0x55dd20a32840_0 .net "x", 0 0, L_0x55dd20a32f40;  alias, 1 drivers
v0x55dd20a328e0_0 .net "y", 0 0, L_0x55dd20a330a0;  alias, 1 drivers
v0x55dd20a329a0_0 .net "z", 0 0, L_0x55dd20a33160;  alias, 1 drivers
    .scope S_0x55dd20a1ab60;
T_0 ;
    %vpi_call 2 16 "$dumpfile", "gates.vcd" {0 0 0};
    %vpi_call 2 17 "$dumpvars", 32'sb00000000000000000000000000000000, S_0x55dd20a1ab60 {0 0 0};
    %delay 5, 0;
    %pushi/vec4 0, 0, 1;
    %store/vec4 v0x55dd20a32b50_0, 0, 1;
    %delay 5, 0;
    %pushi/vec4 0, 0, 1;
    %store/vec4 v0x55dd20a32c10_0, 0, 1;
    %fork t_1, S_0x55dd20a1acf0;
    %jmp t_0;
    .scope S_0x55dd20a1acf0;
t_1 ;
    %pushi/vec4 0, 0, 32;
    %store/vec4 v0x55dd20a32340_0, 0, 32;
T_0.0 ; Top of for-loop 
    %load/vec4 v0x55dd20a32340_0;
    %cmpi/s 2, 0, 32;
    %jmp/0xz T_0.1, 5;
    %fork t_3, S_0x55dd209e1d80;
    %jmp t_2;
    .scope S_0x55dd209e1d80;
t_3 ;
    %pushi/vec4 0, 0, 32;
    %store/vec4 v0x55dd20a1aed0_0, 0, 32;
T_0.3 ; Top of for-loop 
    %load/vec4 v0x55dd20a1aed0_0;
    %cmpi/s 2, 0, 32;
    %jmp/0xz T_0.4, 5;
    %delay 10, 0;
    %load/vec4 v0x55dd20a1aed0_0;
    %pad/s 1;
    %store/vec4 v0x55dd20a32b50_0, 0, 1;
    %delay 10, 0;
    %load/vec4 v0x55dd20a32340_0;
    %pad/s 1;
    %store/vec4 v0x55dd20a32c10_0, 0, 1;
    %delay 10, 0;
    %load/vec4 v0x55dd20a32340_0;
    %load/vec4 v0x55dd20a1aed0_0;
    %add;
    %vpi_call 2 26 "$display", "\012 \012 Case:%d", S<0,vec4,s32> {1 0 0};
    %delay 10, 0;
    %vpi_call 2 27 "$display", "AND TEST \012 a = %b, b = %b, x = %b", v0x55dd20a32b50_0, v0x55dd20a32c10_0, v0x55dd20a32cb0_0 {0 0 0};
    %delay 10, 0;
    %vpi_call 2 28 "$display", "XOR TEST \012 a = %b, b = %b, y = %b", v0x55dd20a32b50_0, v0x55dd20a32c10_0, v0x55dd20a32d80_0 {0 0 0};
    %delay 10, 0;
    %vpi_call 2 29 "$display", "OR TEST \012 a = %b, b = %b, z = %b", v0x55dd20a32b50_0, v0x55dd20a32c10_0, v0x55dd20a32e50_0 {0 0 0};
T_0.5 ; for-loop step statement
    %load/vec4 v0x55dd20a1aed0_0;
    %addi 1, 0, 32;
    %store/vec4 v0x55dd20a1aed0_0, 0, 32;
    %jmp T_0.3;
T_0.4 ; for-loop exit label
    %end;
    .scope S_0x55dd20a1acf0;
t_2 %join;
T_0.2 ; for-loop step statement
    %load/vec4 v0x55dd20a32340_0;
    %addi 1, 0, 32;
    %store/vec4 v0x55dd20a32340_0, 0, 32;
    %jmp T_0.0;
T_0.1 ; for-loop exit label
    %end;
    .scope S_0x55dd20a1ab60;
t_0 %join;
    %delay 5, 0;
    %vpi_call 2 32 "$finish" {0 0 0};
    %end;
    .thread T_0;
# The file index is used to find the file name in the following table.
:file_names 4;
    "N/A";
    "<interactive>";
    "gates.tb.v";
    "./gates.v";
