#! /usr/local/bin/vvp
:ivl_version "13.0 (devel)" "(s20221226-112-ga4aade5d1)";
:ivl_delay_selection "TYPICAL";
:vpi_time_precision + 0;
:vpi_module "/usr/local/lib/ivl/system.vpi";
:vpi_module "/usr/local/lib/ivl/vhdl_sys.vpi";
:vpi_module "/usr/local/lib/ivl/vhdl_textio.vpi";
:vpi_module "/usr/local/lib/ivl/v2005_math.vpi";
:vpi_module "/usr/local/lib/ivl/va_math.vpi";
S_0x55a4d8f93f70 .scope module, "mux_4_1_tb" "mux_4_1_tb" 2 2;
 .timescale 0 0;
v0x55a4d8fa9460_0 .var "a", 3 0;
v0x55a4d8fa9540_0 .var "b", 3 0;
v0x55a4d8fa9610_0 .var "c", 3 0;
v0x55a4d8fa9710_0 .var "d", 3 0;
v0x55a4d8fa97e0_0 .net "data_out", 3 0, v0x55a4d8fa9190_0;  1 drivers
v0x55a4d8fa98d0_0 .var/i "i", 31 0;
v0x55a4d8fa9970_0 .var "sel", 1 0;
S_0x55a4d8f94100 .scope module, "mux0" "mux_4_1" 2 13, 3 2 0, S_0x55a4d8f93f70;
 .timescale 0 0;
    .port_info 0 /INPUT 4 "a";
    .port_info 1 /INPUT 4 "b";
    .port_info 2 /INPUT 4 "c";
    .port_info 3 /INPUT 4 "d";
    .port_info 4 /INPUT 2 "sel";
    .port_info 5 /OUTPUT 4 "data_out";
v0x55a4d8f59e50_0 .net "a", 3 0, v0x55a4d8fa9460_0;  1 drivers
v0x55a4d8fa8f10_0 .net "b", 3 0, v0x55a4d8fa9540_0;  1 drivers
v0x55a4d8fa8ff0_0 .net "c", 3 0, v0x55a4d8fa9610_0;  1 drivers
v0x55a4d8fa90b0_0 .net "d", 3 0, v0x55a4d8fa9710_0;  1 drivers
v0x55a4d8fa9190_0 .var "data_out", 3 0;
v0x55a4d8fa92c0_0 .net "sel", 1 0, v0x55a4d8fa9970_0;  1 drivers
E_0x55a4d8f92ec0/0 .event anyedge, v0x55a4d8fa92c0_0, v0x55a4d8f59e50_0, v0x55a4d8fa8f10_0, v0x55a4d8fa8ff0_0;
E_0x55a4d8f92ec0/1 .event anyedge, v0x55a4d8fa90b0_0;
E_0x55a4d8f92ec0 .event/or E_0x55a4d8f92ec0/0, E_0x55a4d8f92ec0/1;
    .scope S_0x55a4d8f94100;
T_0 ;
    %wait E_0x55a4d8f92ec0;
    %load/vec4 v0x55a4d8fa92c0_0;
    %dup/vec4;
    %pushi/vec4 0, 0, 2;
    %cmp/u;
    %jmp/1 T_0.0, 6;
    %dup/vec4;
    %pushi/vec4 1, 0, 2;
    %cmp/u;
    %jmp/1 T_0.1, 6;
    %dup/vec4;
    %pushi/vec4 2, 0, 2;
    %cmp/u;
    %jmp/1 T_0.2, 6;
    %dup/vec4;
    %pushi/vec4 3, 0, 2;
    %cmp/u;
    %jmp/1 T_0.3, 6;
    %jmp T_0.4;
T_0.0 ;
    %load/vec4 v0x55a4d8f59e50_0;
    %assign/vec4 v0x55a4d8fa9190_0, 0;
    %jmp T_0.4;
T_0.1 ;
    %load/vec4 v0x55a4d8fa8f10_0;
    %assign/vec4 v0x55a4d8fa9190_0, 0;
    %jmp T_0.4;
T_0.2 ;
    %load/vec4 v0x55a4d8fa8ff0_0;
    %assign/vec4 v0x55a4d8fa9190_0, 0;
    %jmp T_0.4;
T_0.3 ;
    %load/vec4 v0x55a4d8fa90b0_0;
    %assign/vec4 v0x55a4d8fa9190_0, 0;
    %jmp T_0.4;
T_0.4 ;
    %pop/vec4 1;
    %jmp T_0;
    .thread T_0, $push;
    .scope S_0x55a4d8f93f70;
T_1 ;
    %vpi_call 2 22 "$dumpfile", "test.vcd" {0 0 0};
    %vpi_call 2 23 "$dumpvars", 32'sb00000000000000000000000000000000, S_0x55a4d8f93f70 {0 0 0};
    %pushi/vec4 0, 0, 2;
    %store/vec4 v0x55a4d8fa9970_0, 0, 2;
    %vpi_func 2 27 "$random" 32 {0 0 0};
    %pad/s 4;
    %assign/vec4 v0x55a4d8fa9460_0, 0;
    %vpi_func 2 28 "$random" 32 {0 0 0};
    %pad/s 4;
    %assign/vec4 v0x55a4d8fa9540_0, 0;
    %vpi_func 2 29 "$random" 32 {0 0 0};
    %pad/s 4;
    %assign/vec4 v0x55a4d8fa9610_0, 0;
    %vpi_func 2 30 "$random" 32 {0 0 0};
    %pad/s 4;
    %assign/vec4 v0x55a4d8fa9710_0, 0;
    %pushi/vec4 1, 0, 32;
    %store/vec4 v0x55a4d8fa98d0_0, 0, 32;
T_1.0 ; Top of for-loop 
    %load/vec4 v0x55a4d8fa98d0_0;
    %cmpi/s 4, 0, 32;
    %jmp/0xz T_1.1, 5;
    %delay 5, 0;
    %load/vec4 v0x55a4d8fa98d0_0;
    %pad/s 2;
    %assign/vec4 v0x55a4d8fa9970_0, 0;
T_1.2 ; for-loop step statement
    %load/vec4 v0x55a4d8fa98d0_0;
    %addi 1, 0, 32;
    %store/vec4 v0x55a4d8fa98d0_0, 0, 32;
    %jmp T_1.0;
T_1.1 ; for-loop exit label
    %vpi_call 2 38 "$display", "All tests passed!" {0 0 0};
    %delay 5, 0;
    %vpi_call 2 39 "$finish" {0 0 0};
    %end;
    .thread T_1;
# The file index is used to find the file name in the following table.
:file_names 4;
    "N/A";
    "<interactive>";
    "mux.tb.v";
    "./mux.v";
