#! /usr/local/bin/vvp
:ivl_version "13.0 (devel)" "(s20221226-112-ga4aade5d1)";
:ivl_delay_selection "TYPICAL";
:vpi_time_precision + 0;
:vpi_module "/usr/local/lib/ivl/system.vpi";
:vpi_module "/usr/local/lib/ivl/vhdl_sys.vpi";
:vpi_module "/usr/local/lib/ivl/vhdl_textio.vpi";
:vpi_module "/usr/local/lib/ivl/v2005_math.vpi";
:vpi_module "/usr/local/lib/ivl/va_math.vpi";
S_0x55adbd8886e0 .scope module, "Pr_Encoder_tb" "Pr_Encoder_tb" 2 2;
 .timescale 0 0;
v0x55adbd89db90_0 .var "a", 7 0;
v0x55adbd89dc70_0 .var "b", 7 0;
v0x55adbd89dd40_0 .var "c", 7 0;
v0x55adbd89de40_0 .var "d", 7 0;
v0x55adbd89df10_0 .net "data_out", 7 0, v0x55adbd89d8c0_0;  1 drivers
v0x55adbd89e000_0 .var/i "i", 31 0;
v0x55adbd89e0a0_0 .var "sel", 1 0;
S_0x55adbd888870 .scope module, "pr_en0" "Pr_Encoder" 2 10, 3 1 0, S_0x55adbd8886e0;
 .timescale 0 0;
    .port_info 0 /INPUT 8 "a";
    .port_info 1 /INPUT 8 "b";
    .port_info 2 /INPUT 8 "c";
    .port_info 3 /INPUT 8 "d";
    .port_info 4 /INPUT 2 "sel";
    .port_info 5 /OUTPUT 8 "data_out";
v0x55adbd84de50_0 .net "a", 7 0, v0x55adbd89db90_0;  1 drivers
v0x55adbd89d640_0 .net "b", 7 0, v0x55adbd89dc70_0;  1 drivers
v0x55adbd89d720_0 .net "c", 7 0, v0x55adbd89dd40_0;  1 drivers
v0x55adbd89d7e0_0 .net "d", 7 0, v0x55adbd89de40_0;  1 drivers
v0x55adbd89d8c0_0 .var "data_out", 7 0;
v0x55adbd89d9f0_0 .net "sel", 1 0, v0x55adbd89e0a0_0;  1 drivers
E_0x55adbd886ec0/0 .event anyedge, v0x55adbd89d9f0_0, v0x55adbd89d7e0_0, v0x55adbd89d720_0, v0x55adbd89d640_0;
E_0x55adbd886ec0/1 .event anyedge, v0x55adbd84de50_0;
E_0x55adbd886ec0 .event/or E_0x55adbd886ec0/0, E_0x55adbd886ec0/1;
    .scope S_0x55adbd888870;
T_0 ;
    %wait E_0x55adbd886ec0;
    %load/vec4 v0x55adbd89d9f0_0;
    %cmpi/e 0, 0, 2;
    %jmp/0xz  T_0.0, 4;
    %load/vec4 v0x55adbd84de50_0;
    %assign/vec4 v0x55adbd89d8c0_0, 0;
    %jmp T_0.1;
T_0.0 ;
    %load/vec4 v0x55adbd89d9f0_0;
    %cmpi/e 1, 0, 2;
    %jmp/0xz  T_0.2, 4;
    %load/vec4 v0x55adbd89d640_0;
    %assign/vec4 v0x55adbd89d8c0_0, 0;
    %jmp T_0.3;
T_0.2 ;
    %load/vec4 v0x55adbd89d9f0_0;
    %cmpi/e 2, 0, 2;
    %jmp/0xz  T_0.4, 4;
    %load/vec4 v0x55adbd89d720_0;
    %assign/vec4 v0x55adbd89d8c0_0, 0;
    %jmp T_0.5;
T_0.4 ;
    %load/vec4 v0x55adbd89d9f0_0;
    %cmpi/e 3, 0, 2;
    %jmp/0xz  T_0.6, 4;
    %load/vec4 v0x55adbd89d7e0_0;
    %assign/vec4 v0x55adbd89d8c0_0, 0;
T_0.6 ;
T_0.5 ;
T_0.3 ;
T_0.1 ;
    %jmp T_0;
    .thread T_0, $push;
    .scope S_0x55adbd8886e0;
T_1 ;
    %vpi_call 2 17 "$dumpfile", "pr_en.vcd" {0 0 0};
    %vpi_call 2 18 "$dumpvars", 32'sb00000000000000000000000000000000, S_0x55adbd8886e0 {0 0 0};
    %pushi/vec4 0, 0, 2;
    %assign/vec4 v0x55adbd89e0a0_0, 0;
    %vpi_func 2 20 "$random" 32 {0 0 0};
    %pad/s 8;
    %assign/vec4 v0x55adbd89db90_0, 0;
    %vpi_func 2 21 "$random" 32 {0 0 0};
    %pad/s 8;
    %assign/vec4 v0x55adbd89dc70_0, 0;
    %vpi_func 2 22 "$random" 32 {0 0 0};
    %pad/s 8;
    %assign/vec4 v0x55adbd89dd40_0, 0;
    %vpi_func 2 23 "$random" 32 {0 0 0};
    %pad/s 8;
    %assign/vec4 v0x55adbd89de40_0, 0;
    %pushi/vec4 0, 0, 32;
    %store/vec4 v0x55adbd89e000_0, 0, 32;
T_1.0 ; Top of for-loop 
    %load/vec4 v0x55adbd89e000_0;
    %cmpi/s 4, 0, 32;
    %jmp/0xz T_1.1, 5;
    %delay 5, 0;
    %load/vec4 v0x55adbd89e000_0;
    %pad/s 2;
    %assign/vec4 v0x55adbd89e0a0_0, 0;
T_1.2 ; for-loop step statement
    %load/vec4 v0x55adbd89e000_0;
    %addi 1, 0, 32;
    %store/vec4 v0x55adbd89e000_0, 0, 32;
    %jmp T_1.0;
T_1.1 ; for-loop exit label
    %delay 5, 0;
    %vpi_call 2 28 "$finish" {0 0 0};
    %end;
    .thread T_1;
# The file index is used to find the file name in the following table.
:file_names 4;
    "N/A";
    "<interactive>";
    "Pr_Enocder.tb.v";
    "./Pr_Encoder.v";
