#! /usr/local/bin/vvp
:ivl_version "13.0 (devel)" "(s20221226-112-ga4aade5d1)";
:ivl_delay_selection "TYPICAL";
:vpi_time_precision + 0;
:vpi_module "/usr/local/lib/ivl/system.vpi";
:vpi_module "/usr/local/lib/ivl/vhdl_sys.vpi";
:vpi_module "/usr/local/lib/ivl/vhdl_textio.vpi";
:vpi_module "/usr/local/lib/ivl/v2005_math.vpi";
:vpi_module "/usr/local/lib/ivl/va_math.vpi";
S_0x55b3c5fe3e00 .scope module, "Tracer_tb" "Tracer_tb" 2 2;
 .timescale 0 0;
v0x55b3c601a3b0_0 .var "clock", 0 0;
v0x55b3c601a470_0 .var "io_rvfiBool_0", 0 0;
v0x55b3c601a540_0 .var "io_rvfiMode", 1 0;
v0x55b3c601a640_0 .var "io_rvfiRegAddr_0", 4 0;
v0x55b3c601a710_0 .var "io_rvfiRegAddr_1", 4 0;
v0x55b3c601a7b0_0 .var "io_rvfiRegAddr_2", 4 0;
v0x55b3c601a880_0 .var "io_rvfiSInt_0", 31 0;
v0x55b3c601a950_0 .var "io_rvfiSInt_1", 31 0;
v0x55b3c601aa20_0 .var "io_rvfiSInt_2", 31 0;
v0x55b3c601aaf0_0 .var "io_rvfiSInt_3", 31 0;
v0x55b3c601abc0_0 .var "io_rvfiSInt_4", 31 0;
v0x55b3c601ac90_0 .var "io_rvfiUInt_0", 31 0;
v0x55b3c601ad60_0 .var "io_rvfiUInt_1", 31 0;
v0x55b3c601ae30_0 .var "io_rvfiUInt_2", 31 0;
v0x55b3c601af00_0 .var "io_rvfiUInt_3", 31 0;
v0x55b3c601afd0_0 .var "reset", 0 0;
S_0x55b3c5ff6c10 .scope module, "uut" "Tracer" 2 23, 3 1 0, S_0x55b3c5fe3e00;
 .timescale 0 0;
    .port_info 0 /INPUT 1 "clock";
    .port_info 1 /INPUT 1 "reset";
    .port_info 2 /INPUT 32 "io_rvfiUInt_0";
    .port_info 3 /INPUT 32 "io_rvfiUInt_1";
    .port_info 4 /INPUT 32 "io_rvfiUInt_2";
    .port_info 5 /INPUT 32 "io_rvfiUInt_3";
    .port_info 6 /INPUT 32 "io_rvfiSInt_0";
    .port_info 7 /INPUT 32 "io_rvfiSInt_1";
    .port_info 8 /INPUT 32 "io_rvfiSInt_2";
    .port_info 9 /INPUT 32 "io_rvfiSInt_3";
    .port_info 10 /INPUT 32 "io_rvfiSInt_4";
    .port_info 11 /INPUT 1 "io_rvfiBool_0";
    .port_info 12 /INPUT 5 "io_rvfiRegAddr_0";
    .port_info 13 /INPUT 5 "io_rvfiRegAddr_1";
    .port_info 14 /INPUT 5 "io_rvfiRegAddr_2";
    .port_info 15 /INPUT 2 "io_rvfiMode";
L_0x55b3c5fe1a90 .functor AND 1, v0x55b3c601a470_0, L_0x55b3c602b210, C4<1>, C4<1>;
v0x55b3c5fe1d30_0 .net "_T_1", 31 0, L_0x55b3c602b110;  1 drivers
v0x55b3c6018fc0_0 .net "_T_3", 0 0, L_0x55b3c5fe1a90;  1 drivers
L_0x7fce662e3018 .functor BUFT 1, C4<00000000000000000000000000000001>, C4<0>, C4<0>, C4<0>;
v0x55b3c6019080_0 .net/2u *"_ivl_0", 31 0, L_0x7fce662e3018;  1 drivers
L_0x7fce662e3060 .functor BUFT 1, C4<00000000000000000000000000000000>, C4<0>, C4<0>, C4<0>;
v0x55b3c6019140_0 .net/2u *"_ivl_4", 31 0, L_0x7fce662e3060;  1 drivers
v0x55b3c6019220_0 .net *"_ivl_6", 0 0, L_0x55b3c602b210;  1 drivers
v0x55b3c6019330_0 .var "clkCycle", 31 0;
v0x55b3c6019410_0 .net "clock", 0 0, v0x55b3c601a3b0_0;  1 drivers
v0x55b3c60194d0_0 .net "io_rvfiBool_0", 0 0, v0x55b3c601a470_0;  1 drivers
v0x55b3c6019590_0 .net "io_rvfiMode", 1 0, v0x55b3c601a540_0;  1 drivers
v0x55b3c6019670_0 .net "io_rvfiRegAddr_0", 4 0, v0x55b3c601a640_0;  1 drivers
v0x55b3c6019750_0 .net "io_rvfiRegAddr_1", 4 0, v0x55b3c601a710_0;  1 drivers
v0x55b3c6019830_0 .net "io_rvfiRegAddr_2", 4 0, v0x55b3c601a7b0_0;  1 drivers
v0x55b3c6019910_0 .net "io_rvfiSInt_0", 31 0, v0x55b3c601a880_0;  1 drivers
v0x55b3c60199f0_0 .net "io_rvfiSInt_1", 31 0, v0x55b3c601a950_0;  1 drivers
v0x55b3c6019ad0_0 .net "io_rvfiSInt_2", 31 0, v0x55b3c601aa20_0;  1 drivers
v0x55b3c6019bb0_0 .net "io_rvfiSInt_3", 31 0, v0x55b3c601aaf0_0;  1 drivers
v0x55b3c6019c90_0 .net "io_rvfiSInt_4", 31 0, v0x55b3c601abc0_0;  1 drivers
v0x55b3c6019d70_0 .net "io_rvfiUInt_0", 31 0, v0x55b3c601ac90_0;  1 drivers
v0x55b3c6019e50_0 .net "io_rvfiUInt_1", 31 0, v0x55b3c601ad60_0;  1 drivers
v0x55b3c6019f30_0 .net "io_rvfiUInt_2", 31 0, v0x55b3c601ae30_0;  1 drivers
v0x55b3c601a010_0 .net "io_rvfiUInt_3", 31 0, v0x55b3c601af00_0;  1 drivers
v0x55b3c601a0f0_0 .net "reset", 0 0, v0x55b3c601afd0_0;  1 drivers
E_0x55b3c5ff0180 .event posedge, v0x55b3c6019410_0;
L_0x55b3c602b110 .arith/sum 32, v0x55b3c6019330_0, L_0x7fce662e3018;
L_0x55b3c602b210 .cmp/ne 32, v0x55b3c601ae30_0, L_0x7fce662e3060;
    .scope S_0x55b3c5ff6c10;
T_0 ;
    %wait E_0x55b3c5ff0180;
    %load/vec4 v0x55b3c601a0f0_0;
    %flag_set/vec4 8;
    %jmp/0xz  T_0.0, 8;
    %pushi/vec4 0, 0, 32;
    %assign/vec4 v0x55b3c6019330_0, 0;
    %jmp T_0.1;
T_0.0 ;
    %load/vec4 v0x55b3c5fe1d30_0;
    %assign/vec4 v0x55b3c6019330_0, 0;
T_0.1 ;
    %load/vec4 v0x55b3c6018fc0_0;
    %load/vec4 v0x55b3c601a0f0_0;
    %inv;
    %and;
    %flag_set/vec4 8;
    %jmp/0xz  T_0.2, 8;
    %vpi_call 3 36 "$fwrite", 32'b10000000000000000000000000000010, "ClkCycle: %d, pc_rdata: %x, pc_wdata: %x, insn: %x, mode: %d, rs1_addr: %d, rs1_rdata: %x, rs2_addr: %d, rs2_rdata: %x, rd_addr: %d, rd_wdata: %x, mem_addr: %x, mem_rdata: %x, mem_wdata: %x\012", v0x55b3c6019330_0, v0x55b3c6019d70_0, v0x55b3c6019e50_0, v0x55b3c6019f30_0, v0x55b3c6019590_0, v0x55b3c6019750_0, v0x55b3c60199f0_0, v0x55b3c6019830_0, v0x55b3c6019ad0_0, v0x55b3c6019670_0, v0x55b3c6019910_0, v0x55b3c601a010_0, v0x55b3c6019bb0_0, v0x55b3c6019c90_0 {0 0 0};
T_0.2 ;
    %jmp T_0;
    .thread T_0;
    .scope S_0x55b3c5ff6c10;
T_1 ;
    %end;
    .thread T_1;
    .scope S_0x55b3c5fe3e00;
T_2 ;
    %vpi_call 2 44 "$dumpfile", "tracer.vcd" {0 0 0};
    %vpi_call 2 45 "$dumpvars", 32'sb00000000000000000000000000000000, S_0x55b3c5fe3e00 {0 0 0};
    %pushi/vec4 0, 0, 1;
    %store/vec4 v0x55b3c601a3b0_0, 0, 1;
    %pushi/vec4 1, 0, 1;
    %store/vec4 v0x55b3c601afd0_0, 0, 1;
    %vpi_func 2 49 "$random" 32 {0 0 0};
    %store/vec4 v0x55b3c601ac90_0, 0, 32;
    %vpi_func 2 50 "$random" 32 {0 0 0};
    %store/vec4 v0x55b3c601ad60_0, 0, 32;
    %vpi_func 2 51 "$random" 32 {0 0 0};
    %store/vec4 v0x55b3c601ae30_0, 0, 32;
    %vpi_func 2 52 "$random" 32 {0 0 0};
    %store/vec4 v0x55b3c601af00_0, 0, 32;
    %vpi_func 2 53 "$random" 32 {0 0 0};
    %store/vec4 v0x55b3c601a880_0, 0, 32;
    %vpi_func 2 54 "$random" 32 {0 0 0};
    %store/vec4 v0x55b3c601a950_0, 0, 32;
    %vpi_func 2 55 "$random" 32 {0 0 0};
    %store/vec4 v0x55b3c601aa20_0, 0, 32;
    %vpi_func 2 56 "$random" 32 {0 0 0};
    %store/vec4 v0x55b3c601aaf0_0, 0, 32;
    %vpi_func 2 57 "$random" 32 {0 0 0};
    %store/vec4 v0x55b3c601abc0_0, 0, 32;
    %vpi_func 2 58 "$random" 32 {0 0 0};
    %pad/s 1;
    %store/vec4 v0x55b3c601a470_0, 0, 1;
    %vpi_func 2 59 "$random" 32 {0 0 0};
    %pad/s 5;
    %store/vec4 v0x55b3c601a640_0, 0, 5;
    %vpi_func 2 60 "$random" 32 {0 0 0};
    %pad/s 5;
    %store/vec4 v0x55b3c601a710_0, 0, 5;
    %vpi_func 2 61 "$random" 32 {0 0 0};
    %pad/s 5;
    %store/vec4 v0x55b3c601a7b0_0, 0, 5;
    %vpi_func 2 62 "$random" 32 {0 0 0};
    %pad/s 2;
    %store/vec4 v0x55b3c601a540_0, 0, 2;
    %delay 10, 0;
    %pushi/vec4 1, 0, 1;
    %store/vec4 v0x55b3c601afd0_0, 0, 1;
    %pushi/vec4 1, 0, 32;
    %store/vec4 v0x55b3c601ac90_0, 0, 32;
    %pushi/vec4 1, 0, 32;
    %store/vec4 v0x55b3c601ad60_0, 0, 32;
    %pushi/vec4 1, 0, 32;
    %store/vec4 v0x55b3c601ae30_0, 0, 32;
    %pushi/vec4 1, 0, 32;
    %store/vec4 v0x55b3c601af00_0, 0, 32;
    %pushi/vec4 1, 0, 32;
    %store/vec4 v0x55b3c601a880_0, 0, 32;
    %pushi/vec4 1, 0, 32;
    %store/vec4 v0x55b3c601a950_0, 0, 32;
    %pushi/vec4 1, 0, 32;
    %store/vec4 v0x55b3c601aa20_0, 0, 32;
    %pushi/vec4 1, 0, 32;
    %store/vec4 v0x55b3c601aaf0_0, 0, 32;
    %pushi/vec4 1, 0, 32;
    %store/vec4 v0x55b3c601abc0_0, 0, 32;
    %pushi/vec4 1, 0, 1;
    %store/vec4 v0x55b3c601a470_0, 0, 1;
    %pushi/vec4 1, 0, 5;
    %store/vec4 v0x55b3c601a640_0, 0, 5;
    %pushi/vec4 1, 0, 5;
    %store/vec4 v0x55b3c601a710_0, 0, 5;
    %pushi/vec4 1, 0, 5;
    %store/vec4 v0x55b3c601a7b0_0, 0, 5;
    %pushi/vec4 0, 0, 2;
    %store/vec4 v0x55b3c601a540_0, 0, 2;
    %delay 100, 0;
    %pushi/vec4 0, 0, 1;
    %store/vec4 v0x55b3c601afd0_0, 0, 1;
    %end;
    .thread T_2;
# The file index is used to find the file name in the following table.
:file_names 4;
    "N/A";
    "<interactive>";
    "tracer.tb.v";
    "./tracer.v";
